<?xml version="1.0" encoding="UTF-8"?>
<!-- Generated by org.testng.reporters.JUnitReportReporter -->
<testsuite hostname="LIN-5CG1154CLD" failures="0" tests="1" name="TestRunner.TestRunner" time="62.534" errors="0" timestamp="2024-04-18T15:23:43 IST" skipped="0">
  <testcase classname="TestRunner.TestRunner" name="runScenario" time="62.534"/>
</testsuite> <!-- TestRunner.TestRunner -->
